App for this /app/build/intermediates/manifest_merge_blame_file/release/processReleaseMainManifest/manifest-merger-blame-release-report.txt
1<?xml version="1.0" encoding="utf-8"?>
2<manifest xmlns:android="http://schemas.android.com/apk/res/android"
3    package="com.akr.sm"
4    android:versionCode="1"
5    android:versionName="1.0.0" >
6
7    <uses-sdk
8        android:minSdkVersion="26"
9        android:targetSdkVersion="36" />
10
11    <!-- Network permissions -->
12    <uses-permission android:name="android.permission.INTERNET" />
12-->src/main/AndroidManifest.xml:6:5-67
12-->src/main/AndroidManifest.xml:6:22-64
13    <uses-permission android:name="android.permission.ACCESS_NETWORK_STATE" />
13-->src/main/AndroidManifest.xml:7:5-79
13-->src/main/AndroidManifest.xml:7:22-76
14
15    <!-- Camera and Microphone for WebRTC / File Uploads -->
16    <uses-permission android:name="android.permission.CAMERA" />
16-->src/main/AndroidManifest.xml:10:5-65
16-->src/main/AndroidManifest.xml:10:22-62
17    <uses-permission android:name="android.permission.RECORD_AUDIO" />
17-->src/main/AndroidManifest.xml:11:5-71
17-->src/main/AndroidManifest.xml:11:22-68
18
19    <uses-feature
19-->src/main/AndroidManifest.xml:12:5-85
20        android:name="android.hardware.camera"
20-->src/main/AndroidManifest.xml:12:19-57
21        android:required="false" />
21-->src/main/AndroidManifest.xml:12:58-82
22    <uses-feature
22-->src/main/AndroidManifest.xml:13:5-95
23        android:name="android.hardware.camera.autofocus"
23-->src/main/AndroidManifest.xml:13:19-67
24        android:required="false" />
24-->src/main/AndroidManifest.xml:13:68-92
25    <uses-feature
25-->src/main/AndroidManifest.xml:14:5-89
26        android:name="android.hardware.microphone"
26-->src/main/AndroidManifest.xml:14:19-61
27        android:required="false" />
27-->src/main/AndroidManifest.xml:14:62-86
28
29    <!-- Geolocation -->
30    <uses-permission android:name="android.permission.ACCESS_FINE_LOCATION" />
30-->src/main/AndroidManifest.xml:17:5-79
30-->src/main/AndroidManifest.xml:17:22-76
31    <uses-permission android:name="android.permission.ACCESS_COARSE_LOCATION" />
31-->src/main/AndroidManifest.xml:18:5-81
31-->src/main/AndroidManifest.xml:18:22-78
32
33    <uses-feature
33-->src/main/AndroidManifest.xml:19:5-91
34        android:name="android.hardware.location.gps"
34-->src/main/AndroidManifest.xml:19:19-63
35        android:required="false" />
35-->src/main/AndroidManifest.xml:19:64-88
36
37    <!-- Push Notifications (Android 13+) -->
38    <uses-permission android:name="android.permission.POST_NOTIFICATIONS" />
38-->src/main/AndroidManifest.xml:22:5-77
38-->src/main/AndroidManifest.xml:22:22-74
39    <uses-permission android:name="android.permission.WAKE_LOCK" /> <!-- Required by older versions of Google Play services to create IID tokens -->
39-->[com.google.firebase:firebase-messaging:24.1.0] AndroidManifest.xml:24:5-68
39-->[com.google.firebase:firebase-messaging:24.1.0] AndroidManifest.xml:24:22-65
40    <uses-permission android:name="com.google.android.c2dm.permission.RECEIVE" />
40-->[com.google.firebase:firebase-messaging:24.1.0] AndroidManifest.xml:26:5-82
40-->[com.google.firebase:firebase-messaging:24.1.0] AndroidManifest.xml:26:22-79
41
42    <permission
42-->[androidx.core:core:1.15.0] AndroidManifest.xml:22:5-24:47
43        android:name="com.akr.sm.DYNAMIC_RECEIVER_NOT_EXPORTED_PERMISSION"
43-->[androidx.core:core:1.15.0] AndroidManifest.xml:23:9-81
44        android:protectionLevel="signature" />
44-->[androidx.core:core:1.15.0] AndroidManifest.xml:24:9-44
45
46    <uses-permission android:name="com.akr.sm.DYNAMIC_RECEIVER_NOT_EXPORTED_PERMISSION" />
46-->[androidx.core:core:1.15.0] AndroidManifest.xml:26:5-97
46-->[androidx.core:core:1.15.0] AndroidManifest.xml:26:22-94
47
48    <application
48-->src/main/AndroidManifest.xml:24:5-69:19
49        android:allowBackup="false"
49-->src/main/AndroidManifest.xml:25:9-36
50        android:appComponentFactory="androidx.core.app.CoreComponentFactory"
50-->[androidx.core:core:1.15.0] AndroidManifest.xml:28:18-86
51        android:dataExtractionRules="@xml/data_extraction_rules"
51-->src/main/AndroidManifest.xml:26:9-65
52        android:extractNativeLibs="false"
53        android:fullBackupContent="false"
53-->src/main/AndroidManifest.xml:27:9-42
54        android:icon="@mipmap/ic_launcher"
54-->src/main/AndroidManifest.xml:28:9-43
55        android:label="@string/app_name"
55-->src/main/AndroidManifest.xml:29:9-41
56        android:networkSecurityConfig="@xml/network_security_config"
56-->src/main/AndroidManifest.xml:33:9-69
57        android:roundIcon="@mipmap/ic_launcher_round"
57-->src/main/AndroidManifest.xml:30:9-54
58        android:supportsRtl="true"
58-->src/main/AndroidManifest.xml:31:9-35
59        android:theme="@style/Theme.AKRSM.Splash"
59-->src/main/AndroidManifest.xml:32:9-50
60        android:usesCleartextTraffic="false" >
60-->src/main/AndroidManifest.xml:34:9-45
61        <activity
61-->src/main/AndroidManifest.xml:37:9-47:20
62            android:name="com.akr.sm.MainActivity"
62-->src/main/AndroidManifest.xml:38:13-41
63            android:configChanges="orientation|screenSize|keyboardHidden|screenLayout|smallestScreenSize"
63-->src/main/AndroidManifest.xml:40:13-106
64            android:exported="true"
64-->src/main/AndroidManifest.xml:39:13-36
65            android:hardwareAccelerated="true"
65-->src/main/AndroidManifest.xml:41:13-47
66            android:windowSoftInputMode="adjustResize" >
66-->src/main/AndroidManifest.xml:42:13-55
67            <intent-filter>
67-->src/main/AndroidManifest.xml:43:13-46:29
68                <action android:name="android.intent.action.MAIN" />
68-->src/main/AndroidManifest.xml:44:17-69
68-->src/main/AndroidManifest.xml:44:25-66
69
70                <category android:name="android.intent.category.LAUNCHER" />
70-->src/main/AndroidManifest.xml:45:17-77
70-->src/main/AndroidManifest.xml:45:27-74
71            </intent-filter>
72        </activity>
73
74        <!-- Firebase Cloud Messaging Service -->
75        <service
75-->src/main/AndroidManifest.xml:50:9-56:19
76            android:name="com.akr.sm.service.MyFirebaseMessagingService"
76-->src/main/AndroidManifest.xml:51:13-63
77            android:exported="false" >
77-->src/main/AndroidManifest.xml:52:13-37
78            <intent-filter>
78-->src/main/AndroidManifest.xml:53:13-55:29
79                <action android:name="com.google.firebase.MESSAGING_EVENT" />
79-->src/main/AndroidManifest.xml:54:17-78
79-->src/main/AndroidManifest.xml:54:25-75
80            </intent-filter>
81        </service>
82
83        <!-- FileProvider for secure photo capture URI sharing -->
84        <provider
85            android:name="androidx.core.content.FileProvider"
85-->src/main/AndroidManifest.xml:60:13-62
86            android:authorities="com.akr.sm.fileprovider"
86-->src/main/AndroidManifest.xml:61:13-64
87            android:exported="false"
87-->src/main/AndroidManifest.xml:62:13-37
88            android:grantUriPermissions="true" >
88-->src/main/AndroidManifest.xml:63:13-47
89            <meta-data
89-->src/main/AndroidManifest.xml:64:13-66:54
90                android:name="android.support.FILE_PROVIDER_PATHS"
90-->src/main/AndroidManifest.xml:65:17-67
91                android:resource="@xml/file_paths" />
91-->src/main/AndroidManifest.xml:66:17-51
92        </provider>
93        <provider
93-->[androidx.emoji2:emoji2:1.3.0] AndroidManifest.xml:24:9-32:20
94            android:name="androidx.startup.InitializationProvider"
94-->[androidx.emoji2:emoji2:1.3.0] AndroidManifest.xml:25:13-67
95            android:authorities="com.akr.sm.androidx-startup"
95-->[androidx.emoji2:emoji2:1.3.0] AndroidManifest.xml:26:13-68
96            android:exported="false" >
96-->[androidx.emoji2:emoji2:1.3.0] AndroidManifest.xml:27:13-37
97            <meta-data
97-->[androidx.emoji2:emoji2:1.3.0] AndroidManifest.xml:29:13-31:52
98                android:name="androidx.emoji2.text.EmojiCompatInitializer"
98-->[androidx.emoji2:emoji2:1.3.0] AndroidManifest.xml:30:17-75
99                android:value="androidx.startup" />
99-->[androidx.emoji2:emoji2:1.3.0] AndroidManifest.xml:31:17-49
100            <meta-data
100-->[androidx.lifecycle:lifecycle-process:2.6.2] AndroidManifest.xml:29:13-31:52
101                android:name="androidx.lifecycle.ProcessLifecycleInitializer"
101-->[androidx.lifecycle:lifecycle-process:2.6.2] AndroidManifest.xml:30:17-78
102                android:value="androidx.startup" />
102-->[androidx.lifecycle:lifecycle-process:2.6.2] AndroidManifest.xml:31:17-49
103            <meta-data
103-->[androidx.profileinstaller:profileinstaller:1.4.0] AndroidManifest.xml:29:13-31:52
104                android:name="androidx.profileinstaller.ProfileInstallerInitializer"
104-->[androidx.profileinstaller:profileinstaller:1.4.0] AndroidManifest.xml:30:17-85
105                android:value="androidx.startup" />
105-->[androidx.profileinstaller:profileinstaller:1.4.0] AndroidManifest.xml:31:17-49
106        </provider>
107
108        <service
108-->[com.google.firebase:firebase-messaging-ktx:24.1.0] AndroidManifest.xml:23:9-29:19
109            android:name="com.google.firebase.components.ComponentDiscoveryService"
109-->[com.google.firebase:firebase-messaging-ktx:24.1.0] AndroidManifest.xml:24:13-84
110            android:directBootAware="true"
110-->[com.google.firebase:firebase-common:21.0.0] AndroidManifest.xml:32:13-43
111            android:exported="false" >
111-->[com.google.firebase:firebase-messaging-ktx:24.1.0] AndroidManifest.xml:25:13-37
112            <meta-data
112-->[com.google.firebase:firebase-messaging-ktx:24.1.0] AndroidManifest.xml:26:13-28:85
113                android:name="com.google.firebase.components:com.google.firebase.messaging.ktx.FirebaseMessagingLegacyRegistrar"
113-->[com.google.firebase:firebase-messaging-ktx:24.1.0] AndroidManifest.xml:27:17-129
114                android:value="com.google.firebase.components.ComponentRegistrar" />
114-->[com.google.firebase:firebase-messaging-ktx:24.1.0] AndroidManifest.xml:28:17-82
115            <meta-data
115-->[com.google.firebase:firebase-messaging:24.1.0] AndroidManifest.xml:57:13-59:85
116                android:name="com.google.firebase.components:com.google.firebase.messaging.FirebaseMessagingKtxRegistrar"
116-->[com.google.firebase:firebase-messaging:24.1.0] AndroidManifest.xml:58:17-122
117                android:value="com.google.firebase.components.ComponentRegistrar" />
117-->[com.google.firebase:firebase-messaging:24.1.0] AndroidManifest.xml:59:17-82
118            <meta-data
118-->[com.google.firebase:firebase-messaging:24.1.0] AndroidManifest.xml:60:13-62:85
119                android:name="com.google.firebase.components:com.google.firebase.messaging.FirebaseMessagingRegistrar"
119-->[com.google.firebase:firebase-messaging:24.1.0] AndroidManifest.xml:61:17-119
120                android:value="com.google.firebase.components.ComponentRegistrar" />
120-->[com.google.firebase:firebase-messaging:24.1.0] AndroidManifest.xml:62:17-82
121            <meta-data
121-->[com.google.firebase:firebase-installations:18.0.0] AndroidManifest.xml:15:13-17:85
122                android:name="com.google.firebase.components:com.google.firebase.installations.FirebaseInstallationsKtxRegistrar"
122-->[com.google.firebase:firebase-installations:18.0.0] AndroidManifest.xml:16:17-130
123                android:value="com.google.firebase.components.ComponentRegistrar" />
123-->[com.google.firebase:firebase-installations:18.0.0] AndroidManifest.xml:17:17-82
124            <meta-data
124-->[com.google.firebase:firebase-installations:18.0.0] AndroidManifest.xml:18:13-20:85
125                android:name="com.google.firebase.components:com.google.firebase.installations.FirebaseInstallationsRegistrar"
125-->[com.google.firebase:firebase-installations:18.0.0] AndroidManifest.xml:19:17-127
126                android:value="com.google.firebase.components.ComponentRegistrar" />
126-->[com.google.firebase:firebase-installations:18.0.0] AndroidManifest.xml:20:17-82
127            <meta-data
127-->[com.google.firebase:firebase-common-ktx:21.0.0] AndroidManifest.xml:12:13-14:85
128                android:name="com.google.firebase.components:com.google.firebase.ktx.FirebaseCommonLegacyRegistrar"
128-->[com.google.firebase:firebase-common-ktx:21.0.0] AndroidManifest.xml:13:17-116
129                android:value="com.google.firebase.components.ComponentRegistrar" />
129-->[com.google.firebase:firebase-common-ktx:21.0.0] AndroidManifest.xml:14:17-82
130            <meta-data
130-->[com.google.firebase:firebase-common:21.0.0] AndroidManifest.xml:35:13-37:85
131                android:name="com.google.firebase.components:com.google.firebase.FirebaseCommonKtxRegistrar"
131-->[com.google.firebase:firebase-common:21.0.0] AndroidManifest.xml:36:17-109
132                android:value="com.google.firebase.components.ComponentRegistrar" />
132-->[com.google.firebase:firebase-common:21.0.0] AndroidManifest.xml:37:17-82
133            <meta-data
133-->[com.google.firebase:firebase-datatransport:18.2.0] AndroidManifest.xml:25:13-27:85
134                android:name="com.google.firebase.components:com.google.firebase.datatransport.TransportRegistrar"
134-->[com.google.firebase:firebase-datatransport:18.2.0] AndroidManifest.xml:26:17-115
135                android:value="com.google.firebase.components.ComponentRegistrar" />
135-->[com.google.firebase:firebase-datatransport:18.2.0] AndroidManifest.xml:27:17-82
136        </service>
137
138        <receiver
138-->[com.google.firebase:firebase-messaging:24.1.0] AndroidManifest.xml:29:9-40:20
139            android:name="com.google.firebase.iid.FirebaseInstanceIdReceiver"
139-->[com.google.firebase:firebase-messaging:24.1.0] AndroidManifest.xml:30:13-78
140            android:exported="true"
140-->[com.google.firebase:firebase-messaging:24.1.0] AndroidManifest.xml:31:13-36
141            android:permission="com.google.android.c2dm.permission.SEND" >
141-->[com.google.firebase:firebase-messaging:24.1.0] AndroidManifest.xml:32:13-73
142            <intent-filter>
142-->[com.google.firebase:firebase-messaging:24.1.0] AndroidManifest.xml:33:13-35:29
143                <action android:name="com.google.android.c2dm.intent.RECEIVE" />
143-->[com.google.firebase:firebase-messaging:24.1.0] AndroidManifest.xml:34:17-81
143-->[com.google.firebase:firebase-messaging:24.1.0] AndroidManifest.xml:34:25-78
144            </intent-filter>
145
146            <meta-data
146-->[com.google.firebase:firebase-messaging:24.1.0] AndroidManifest.xml:37:13-39:40
147                android:name="com.google.android.gms.cloudmessaging.FINISHED_AFTER_HANDLED"
147-->[com.google.firebase:firebase-messaging:24.1.0] AndroidManifest.xml:38:17-92
148                android:value="true" />
148-->[com.google.firebase:firebase-messaging:24.1.0] AndroidManifest.xml:39:17-37
149        </receiver>
150        <!--
151             FirebaseMessagingService performs security checks at runtime,
152             but set to not exported to explicitly avoid allowing another app to call it.
153        -->
154        <service
154-->[com.google.firebase:firebase-messaging:24.1.0] AndroidManifest.xml:46:9-53:19
155            android:name="com.google.firebase.messaging.FirebaseMessagingService"
155-->[com.google.firebase:firebase-messaging:24.1.0] AndroidManifest.xml:47:13-82
156            android:directBootAware="true"
156-->[com.google.firebase:firebase-messaging:24.1.0] AndroidManifest.xml:48:13-43
157            android:exported="false" >
157-->[com.google.firebase:firebase-messaging:24.1.0] AndroidManifest.xml:49:13-37
158            <intent-filter android:priority="-500" >
158-->src/main/AndroidManifest.xml:53:13-55:29
159                <action android:name="com.google.firebase.MESSAGING_EVENT" />
159-->src/main/AndroidManifest.xml:54:17-78
159-->src/main/AndroidManifest.xml:54:25-75
160            </intent-filter>
161        </service>
162
163        <activity
163-->[com.google.android.gms:play-services-base:18.5.0] AndroidManifest.xml:5:9-173
164            android:name="com.google.android.gms.common.api.GoogleApiActivity"
164-->[com.google.android.gms:play-services-base:18.5.0] AndroidManifest.xml:5:19-85
165            android:exported="false"
165-->[com.google.android.gms:play-services-base:18.5.0] AndroidManifest.xml:5:146-170
166            android:theme="@android:style/Theme.Translucent.NoTitleBar" />
166-->[com.google.android.gms:play-services-base:18.5.0] AndroidManifest.xml:5:86-145
167
168        <provider
168-->[com.google.firebase:firebase-common:21.0.0] AndroidManifest.xml:23:9-28:39
169            android:name="com.google.firebase.provider.FirebaseInitProvider"
169-->[com.google.firebase:firebase-common:21.0.0] AndroidManifest.xml:24:13-77
170            android:authorities="com.akr.sm.firebaseinitprovider"
170-->[com.google.firebase:firebase-common:21.0.0] AndroidManifest.xml:25:13-72
171            android:directBootAware="true"
171-->[com.google.firebase:firebase-common:21.0.0] AndroidManifest.xml:26:13-43
172            android:exported="false"
172-->[com.google.firebase:firebase-common:21.0.0] AndroidManifest.xml:27:13-37
173            android:initOrder="100" />
173-->[com.google.firebase:firebase-common:21.0.0] AndroidManifest.xml:28:13-36
174
175        <meta-data
175-->[com.google.android.gms:play-services-basement:18.4.0] AndroidManifest.xml:6:9-122
176            android:name="com.google.android.gms.version"
176-->[com.google.android.gms:play-services-basement:18.4.0] AndroidManifest.xml:6:20-65
177            android:value="@integer/google_play_services_version" />
177-->[com.google.android.gms:play-services-basement:18.4.0] AndroidManifest.xml:6:66-119
178
179        <receiver
179-->[androidx.profileinstaller:profileinstaller:1.4.0] AndroidManifest.xml:34:9-52:20
180            android:name="androidx.profileinstaller.ProfileInstallReceiver"
180-->[androidx.profileinstaller:profileinstaller:1.4.0] AndroidManifest.xml:35:13-76
181            android:directBootAware="false"
181-->[androidx.profileinstaller:profileinstaller:1.4.0] AndroidManifest.xml:36:13-44
182            android:enabled="true"
182-->[androidx.profileinstaller:profileinstaller:1.4.0] AndroidManifest.xml:37:13-35
183            android:exported="true"
183-->[androidx.profileinstaller:profileinstaller:1.4.0] AndroidManifest.xml:38:13-36
184            android:permission="android.permission.DUMP" >
184-->[androidx.profileinstaller:profileinstaller:1.4.0] AndroidManifest.xml:39:13-57
185            <intent-filter>
185-->[androidx.profileinstaller:profileinstaller:1.4.0] AndroidManifest.xml:40:13-42:29
186                <action android:name="androidx.profileinstaller.action.INSTALL_PROFILE" />
186-->[androidx.profileinstaller:profileinstaller:1.4.0] AndroidManifest.xml:41:17-91
186-->[androidx.profileinstaller:profileinstaller:1.4.0] AndroidManifest.xml:41:25-88
187            </intent-filter>
188            <intent-filter>
188-->[androidx.profileinstaller:profileinstaller:1.4.0] AndroidManifest.xml:43:13-45:29
189                <action android:name="androidx.profileinstaller.action.SKIP_FILE" />
189-->[androidx.profileinstaller:profileinstaller:1.4.0] AndroidManifest.xml:44:17-85
189-->[androidx.profileinstaller:profileinstaller:1.4.0] AndroidManifest.xml:44:25-82
190            </intent-filter>
191            <intent-filter>
191-->[androidx.profileinstaller:profileinstaller:1.4.0] AndroidManifest.xml:46:13-48:29
192                <action android:name="androidx.profileinstaller.action.SAVE_PROFILE" />
192-->[androidx.profileinstaller:profileinstaller:1.4.0] AndroidManifest.xml:47:17-88
192-->[androidx.profileinstaller:profileinstaller:1.4.0] AndroidManifest.xml:47:25-85
193            </intent-filter>
194            <intent-filter>
194-->[androidx.profileinstaller:profileinstaller:1.4.0] AndroidManifest.xml:49:13-51:29
195                <action android:name="androidx.profileinstaller.action.BENCHMARK_OPERATION" />
195-->[androidx.profileinstaller:profileinstaller:1.4.0] AndroidManifest.xml:50:17-95
195-->[androidx.profileinstaller:profileinstaller:1.4.0] AndroidManifest.xml:50:25-92
196            </intent-filter>
197        </receiver>
198
199        <service
199-->[com.google.android.datatransport:transport-backend-cct:3.1.9] AndroidManifest.xml:28:9-34:19
200            android:name="com.google.android.datatransport.runtime.backends.TransportBackendDiscovery"
200-->[com.google.android.datatransport:transport-backend-cct:3.1.9] AndroidManifest.xml:29:13-103
201            android:exported="false" >
201-->[com.google.android.datatransport:transport-backend-cct:3.1.9] AndroidManifest.xml:30:13-37
202            <meta-data
202-->[com.google.android.datatransport:transport-backend-cct:3.1.9] AndroidManifest.xml:31:13-33:39
203                android:name="backend:com.google.android.datatransport.cct.CctBackendFactory"
203-->[com.google.android.datatransport:transport-backend-cct:3.1.9] AndroidManifest.xml:32:17-94
204                android:value="cct" />
204-->[com.google.android.datatransport:transport-backend-cct:3.1.9] AndroidManifest.xml:33:17-36
205        </service>
206        <service
206-->[com.google.android.datatransport:transport-runtime:3.1.9] AndroidManifest.xml:26:9-30:19
207            android:name="com.google.android.datatransport.runtime.scheduling.jobscheduling.JobInfoSchedulerService"
207-->[com.google.android.datatransport:transport-runtime:3.1.9] AndroidManifest.xml:27:13-117
208            android:exported="false"
208-->[com.google.android.datatransport:transport-runtime:3.1.9] AndroidManifest.xml:28:13-37
209            android:permission="android.permission.BIND_JOB_SERVICE" >
209-->[com.google.android.datatransport:transport-runtime:3.1.9] AndroidManifest.xml:29:13-69
210        </service>
211
212        <receiver
212-->[com.google.android.datatransport:transport-runtime:3.1.9] AndroidManifest.xml:32:9-34:40
213            android:name="com.google.android.datatransport.runtime.scheduling.jobscheduling.AlarmManagerSchedulerBroadcastReceiver"
213-->[com.google.android.datatransport:transport-runtime:3.1.9] AndroidManifest.xml:33:13-132
214            android:exported="false" />
214-->[com.google.android.datatransport:transport-runtime:3.1.9] AndroidManifest.xml:34:13-37
215    </application>
216
217</manifest>